{"level":"error","message":"❌ Nenhum CNPJ válido encontrado após 50 tentativas\n","service":"bm-automation","timestamp":"2026-06-30 03:40:02"}
{"level":"error","message":"❌ ERRO: preenchido is not defined\n","service":"bm-automation","timestamp":"2026-06-30 04:24:18"}
{"level":"error","message":"❌ ERRO: Cannot access 'path' before initialization\n","service":"bm-automation","timestamp":"2026-06-30 12:38:08"}
{"level":"error","message":"❌ ERRO: Navigating frame was detached\n","service":"bm-automation","timestamp":"2026-06-30 19:52:48"}
{"level":"error","message":"❌ ERRO: net::ERR_NO_SUPPORTED_PROXIES at https://www.facebook.com/login\n","service":"bm-automation","timestamp":"2026-07-02 12:38:24"}
{"level":"error","message":"❌ ERRO: net::ERR_INVALID_AUTH_CREDENTIALS at https://www.facebook.com/login\n","service":"bm-automation","timestamp":"2026-07-02 12:39:25"}
{"level":"error","message":"❌ ERRO: net::ERR_INVALID_AUTH_CREDENTIALS at https://www.facebook.com/login\n","service":"bm-automation","timestamp":"2026-07-02 12:43:07"}
{"level":"error","message":"❌ ERRO: net::ERR_CERT_AUTHORITY_INVALID at https://www.facebook.com/login\n","service":"bm-automation","timestamp":"2026-07-02 12:46:49"}
{"level":"error","message":"❌ ERRO: Requesting main frame too early!\n","service":"bm-automation","timestamp":"2026-07-02 12:50:32"}
{"level":"error","message":"❌ ERRO: Voltou para login após RETRY! Credenciais podem estar incorretas.\n","service":"bm-automation","timestamp":"2026-07-02 12:53:14"}
{"level":"error","message":"❌ ERRO: Login fallido após 2 tentativas - credenciais podem estar incorretas ou conta bloqueada\n","service":"bm-automation","timestamp":"2026-07-02 12:53:14"}
{"level":"error","message":"❌ Nenhum CNPJ válido encontrado após 50 tentativas\n","service":"bm-automation","timestamp":"2026-07-03 02:33:40"}
{"level":"error","message":"❌ Nenhum CNPJ válido encontrado após 50 tentativas\n","service":"bm-automation","timestamp":"2026-07-03 02:41:18"}
{"level":"error","message":"❌ Nenhum CNPJ válido encontrado após 50 tentativas\n","service":"bm-automation","timestamp":"2026-07-03 02:43:00"}
{"level":"error","message":"❌ Nenhum CNPJ válido encontrado após 50 tentativas\n","service":"bm-automation","timestamp":"2026-07-03 02:46:02"}
{"level":"error","message":"❌ Nenhum CNPJ válido encontrado após 50 tentativas\n","service":"bm-automation","timestamp":"2026-07-03 22:01:01"}
{"level":"error","message":"❌ Nenhum CNPJ válido encontrado após 50 tentativas\n","service":"bm-automation","timestamp":"2026-07-03 22:04:27"}
{"level":"error","message":"❌ Nenhum CNPJ válido encontrado após 50 tentativas\n","service":"bm-automation","timestamp":"2026-07-03 22:07:21"}
{"level":"error","message":"❌ Nenhum CNPJ válido encontrado após 50 tentativas\n","service":"bm-automation","timestamp":"2026-07-03 22:09:36"}
{"level":"error","message":"❌ Nenhum CNPJ válido encontrado após 50 tentativas\n","service":"bm-automation","timestamp":"2026-07-03 22:14:04"}
{"level":"error","message":"❌ Nenhum CNPJ válido encontrado após 50 tentativas\n","service":"bm-automation","timestamp":"2026-07-03 22:16:17"}
{"level":"error","message":"   ❌ Não foi possível obter token","service":"bm-automation","timestamp":"2026-07-03 22:20:47"}
{"level":"error","message":"❌ Nenhum CNPJ válido encontrado após 50 tentativas\n","service":"bm-automation","timestamp":"2026-07-03 22:20:47"}
{"level":"error","message":"   ❌ Erro: input não encontrado\n","service":"bm-automation","timestamp":"2026-07-03 22:27:06"}
{"level":"error","message":"❌ ERRO: Requesting main frame too early!\n","service":"bm-automation","timestamp":"2026-07-03 22:29:50"}
{"level":"error","message":"[1/3] ❌ 2cksz0so@nqmo.com falhou: Protocol error: Connection closed. Most likely the page has been closed.","service":"bm-automation","timestamp":"2026-07-03 22:29:50"}
{"level":"error","message":"❌ ERRO: Requesting main frame too early!\n","service":"bm-automation","timestamp":"2026-07-03 22:29:50"}
{"level":"error","message":"   ❌ Erro: input não encontrado\n","service":"bm-automation","timestamp":"2026-07-03 22:30:45"}
{"level":"error","message":"   ❌ Erro: input não encontrado\n","service":"bm-automation","timestamp":"2026-07-03 22:30:51"}
{"level":"error","message":"❌ ERRO: Navigating frame was detached\n","service":"bm-automation","timestamp":"2026-07-03 22:30:53"}
{"level":"error","message":"\n[==================================================]","service":"bm-automation","timestamp":"2026-07-03 22:30:53"}
{"level":"error","message":"[1/3] ❌ FALHOU: 2cksz0so@nqmo.com","service":"bm-automation","timestamp":"2026-07-03 22:30:53"}
{"level":"error","message":"Erro: Protocol error: Connection closed. Most likely the page has been closed.","service":"bm-automation","timestamp":"2026-07-03 22:30:53"}
{"level":"error","message":"[==================================================]\n","service":"bm-automation","timestamp":"2026-07-03 22:30:53"}
{"level":"error","message":"   ❌ Erro: input não encontrado\n","service":"bm-automation","timestamp":"2026-07-03 22:39:23"}
{"level":"error","message":"   ❌ Erro: input não encontrado\n","service":"bm-automation","timestamp":"2026-07-03 22:39:29"}
{"level":"error","message":"   ❌ Erro: input não encontrado\n","service":"bm-automation","timestamp":"2026-07-03 22:39:35"}
{"level":"error","message":"❌ Falhou após 3 tentativas\n","service":"bm-automation","timestamp":"2026-07-03 22:39:35"}
{"level":"error","message":"❌ ERRO: Voltou para login após RETRY! Credenciais podem estar incorretas.\n","service":"bm-automation","timestamp":"2026-07-03 22:45:13"}
{"level":"error","message":"❌ ERRO: Login fallido após 2 tentativas - credenciais podem estar incorretas ou conta bloqueada\n","service":"bm-automation","timestamp":"2026-07-03 22:45:13"}
{"level":"error","message":"❌ ERRO: Navigating frame was detached\n","service":"bm-automation","timestamp":"2026-07-04 00:05:03"}
{"level":"error","message":"\n[==================================================]","service":"bm-automation","timestamp":"2026-07-04 00:05:03"}
{"level":"error","message":"[1/3] ❌ FALHOU: 2cksz0so@nqmo.com","service":"bm-automation","timestamp":"2026-07-04 00:05:03"}
{"level":"error","message":"Erro: Protocol error: Connection closed. Most likely the page has been closed.","service":"bm-automation","timestamp":"2026-07-04 00:05:03"}
{"level":"error","message":"[==================================================]\n","service":"bm-automation","timestamp":"2026-07-04 00:05:03"}
{"level":"error","message":"❌ ERRO: Voltou para login após RETRY! Credenciais podem estar incorretas.\n","service":"bm-automation","timestamp":"2026-07-05 06:31:24"}
{"level":"error","message":"❌ ERRO: Login fallido após 2 tentativas - credenciais podem estar incorretas ou conta bloqueada\n","service":"bm-automation","timestamp":"2026-07-05 06:31:24"}
{"level":"error","message":"❌ ERRO: Voltou para login após RETRY! Credenciais podem estar incorretas.\n","service":"bm-automation","timestamp":"2026-07-05 06:35:30"}
{"level":"error","message":"\n[==================================================]","service":"bm-automation","timestamp":"2026-07-05 06:35:30"}
{"level":"error","message":"[1/3] ❌ FALHOU: 2cksz0so@nqmo.com","service":"bm-automation","timestamp":"2026-07-05 06:35:30"}
{"level":"error","message":"Erro: Protocol error: Connection closed. Most likely the page has been closed.","service":"bm-automation","timestamp":"2026-07-05 06:35:30"}
{"level":"error","message":"[==================================================]\n","service":"bm-automation","timestamp":"2026-07-05 06:35:30"}
{"level":"error","message":"❌ ERRO: Voltou para login após RETRY! Credenciais podem estar incorretas.\n","service":"bm-automation","timestamp":"2026-07-05 06:38:11"}
{"level":"error","message":"\n[==================================================]","service":"bm-automation","timestamp":"2026-07-05 06:38:11"}
{"level":"error","message":"[2/3] ❌ FALHOU: heytuv@mailto.plus","service":"bm-automation","timestamp":"2026-07-05 06:38:11"}
{"level":"error","message":"Erro: Protocol error: Connection closed. Most likely the page has been closed.","service":"bm-automation","timestamp":"2026-07-05 06:38:11"}
{"level":"error","message":"[==================================================]\n","service":"bm-automation","timestamp":"2026-07-05 06:38:11"}
{"level":"error","message":"   ❌ Erro: input não encontrado\n","service":"bm-automation","timestamp":"2026-07-06 00:42:13"}
{"level":"error","message":"❌ ERRO: Navigating frame was detached\n","service":"bm-automation","timestamp":"2026-07-06 00:42:15"}
{"level":"error","message":"   ❌ Erro: input não encontrado\n","service":"bm-automation","timestamp":"2026-07-06 01:23:50"}
{"level":"error","message":"   ❌ Erro: input não encontrado\n","service":"bm-automation","timestamp":"2026-07-06 01:23:55"}
{"level":"error","message":"   ❌ Erro: input não encontrado\n","service":"bm-automation","timestamp":"2026-07-06 01:24:01"}
{"level":"error","message":"❌ Falhou após 3 tentativas\n","service":"bm-automation","timestamp":"2026-07-06 01:24:01"}
{"level":"error","message":"   ❌ Erro: input não encontrado\n","service":"bm-automation","timestamp":"2026-07-06 01:24:48"}
{"level":"error","message":"   ❌ Erro: input não encontrado\n","service":"bm-automation","timestamp":"2026-07-06 01:24:55"}
{"level":"error","message":"   ❌ Erro: input não encontrado\n","service":"bm-automation","timestamp":"2026-07-06 01:25:01"}
{"level":"error","message":"❌ Falhou após 3 tentativas\n","service":"bm-automation","timestamp":"2026-07-06 01:25:01"}
{"level":"error","message":"   ❌ Erro: input não encontrado\n","service":"bm-automation","timestamp":"2026-07-06 01:25:54"}
{"level":"error","message":"   ❌ Erro: input não encontrado\n","service":"bm-automation","timestamp":"2026-07-06 01:26:00"}
{"level":"error","message":"   ❌ Erro: input não encontrado\n","service":"bm-automation","timestamp":"2026-07-06 01:26:06"}
{"level":"error","message":"❌ Falhou após 3 tentativas\n","service":"bm-automation","timestamp":"2026-07-06 01:26:06"}
{"level":"error","message":"   ❌ Erro: input não encontrado\n","service":"bm-automation","timestamp":"2026-07-06 01:26:42"}
{"level":"error","message":"❌ ERRO: Navigation timeout of 30000 ms exceeded\n","service":"bm-automation","timestamp":"2026-07-06 01:27:12"}
{"level":"error","message":"   ❌ Erro: input não encontrado\n","service":"bm-automation","timestamp":"2026-07-06 01:27:27"}
{"level":"error","message":"   ❌ Erro: input não encontrado\n","service":"bm-automation","timestamp":"2026-07-06 01:27:33"}
{"level":"error","message":"   ❌ Erro: input não encontrado\n","service":"bm-automation","timestamp":"2026-07-06 01:27:39"}
{"level":"error","message":"❌ Falhou após 3 tentativas\n","service":"bm-automation","timestamp":"2026-07-06 01:27:39"}
{"level":"error","message":"   ❌ Erro: input não encontrado\n","service":"bm-automation","timestamp":"2026-07-06 01:28:03"}
{"level":"error","message":"   ❌ Erro: input não encontrado\n","service":"bm-automation","timestamp":"2026-07-06 01:28:10"}
{"level":"error","message":"   ❌ Erro: input não encontrado\n","service":"bm-automation","timestamp":"2026-07-06 01:28:15"}
{"level":"error","message":"❌ Falhou após 3 tentativas\n","service":"bm-automation","timestamp":"2026-07-06 01:28:15"}
{"level":"error","message":"   ❌ Erro: input não encontrado\n","service":"bm-automation","timestamp":"2026-07-06 01:29:16"}
{"level":"error","message":"   ❌ Erro: input não encontrado\n","service":"bm-automation","timestamp":"2026-07-06 01:29:22"}
{"level":"error","message":"   ❌ Erro: input não encontrado\n","service":"bm-automation","timestamp":"2026-07-06 01:29:28"}
{"level":"error","message":"❌ Falhou após 3 tentativas\n","service":"bm-automation","timestamp":"2026-07-06 01:29:28"}
{"level":"error","message":"   ❌ Erro: input não encontrado\n","service":"bm-automation","timestamp":"2026-07-06 01:30:20"}
{"level":"error","message":"   ❌ Erro: input não encontrado\n","service":"bm-automation","timestamp":"2026-07-06 01:30:26"}
{"level":"error","message":"   ❌ Erro: input não encontrado\n","service":"bm-automation","timestamp":"2026-07-06 01:30:32"}
{"level":"error","message":"❌ Falhou após 3 tentativas\n","service":"bm-automation","timestamp":"2026-07-06 01:30:32"}
{"level":"error","message":"   ❌ Erro: input não encontrado\n","service":"bm-automation","timestamp":"2026-07-06 01:31:32"}
{"level":"error","message":"   ❌ Erro: input não encontrado\n","service":"bm-automation","timestamp":"2026-07-06 01:31:41"}
{"level":"error","message":"   ❌ Erro: input não encontrado\n","service":"bm-automation","timestamp":"2026-07-06 01:31:47"}
{"level":"error","message":"❌ Falhou após 3 tentativas\n","service":"bm-automation","timestamp":"2026-07-06 01:31:47"}
{"level":"error","message":"   ❌ Falha ao resolver CAPTCHA. Abortando esta tentativa.\n","service":"bm-automation","timestamp":"2026-07-06 01:32:20"}
{"level":"error","message":"   ❌ Falha ao resolver CAPTCHA. Abortando esta tentativa.\n","service":"bm-automation","timestamp":"2026-07-06 01:32:28"}
{"level":"error","message":"   ❌ Falha ao resolver CAPTCHA. Abortando esta tentativa.\n","service":"bm-automation","timestamp":"2026-07-06 01:32:36"}
{"level":"error","message":"❌ Falhou após 3 tentativas\n","service":"bm-automation","timestamp":"2026-07-06 01:32:36"}
{"level":"error","message":"   ❌ Erro ao resolver CAPTCHA: Request failed with status code 404\n","service":"bm-automation","timestamp":"2026-07-06 01:34:08"}
{"level":"error","message":"   ❌ Falha ao resolver CAPTCHA. Abortando esta tentativa.\n","service":"bm-automation","timestamp":"2026-07-06 01:34:08"}
{"level":"error","message":"   ❌ Erro ao resolver CAPTCHA: Request failed with status code 404\n","service":"bm-automation","timestamp":"2026-07-06 01:34:17"}
{"level":"error","message":"   ❌ Falha ao resolver CAPTCHA. Abortando esta tentativa.\n","service":"bm-automation","timestamp":"2026-07-06 01:34:17"}
{"level":"error","message":"   ❌ Erro ao resolver CAPTCHA: Request failed with status code 404\n","service":"bm-automation","timestamp":"2026-07-06 01:34:25"}
{"level":"error","message":"   ❌ Falha ao resolver CAPTCHA. Abortando esta tentativa.\n","service":"bm-automation","timestamp":"2026-07-06 01:34:25"}
{"level":"error","message":"❌ Falhou após 3 tentativas\n","service":"bm-automation","timestamp":"2026-07-06 01:34:25"}
{"level":"error","message":"   ❌ Erro ao enviar: ERROR_WRONG_USER_KEY\n","service":"bm-automation","timestamp":"2026-07-06 01:37:40"}
{"level":"error","message":"   ❌ Falha ao resolver CAPTCHA. Abortando esta tentativa.\n","service":"bm-automation","timestamp":"2026-07-06 01:37:40"}
{"level":"error","message":"❌ ERRO: Navigating frame was detached\n","service":"bm-automation","timestamp":"2026-07-06 01:37:57"}
{"level":"error","message":"   ❌ Erro ao enviar: ERROR_WRONG_USER_KEY\n","service":"bm-automation","timestamp":"2026-07-06 01:42:24"}
{"level":"error","message":"   ❌ Falha ao resolver CAPTCHA. Abortando esta tentativa.\n","service":"bm-automation","timestamp":"2026-07-06 01:42:24"}
{"level":"error","message":"❌ ERRO: Navigating frame was detached\n","service":"bm-automation","timestamp":"2026-07-06 01:42:26"}
{"level":"error","message":"❌ ERRO: Navigating frame was detached\n","service":"bm-automation","timestamp":"2026-07-06 01:44:56"}
{"level":"error","message":"❌ ERRO: Navigating frame was detached\n","service":"bm-automation","timestamp":"2026-07-06 01:45:21"}
{"level":"error","message":"   ❌ Erro ao resolver CAPTCHA: uploadResponse.data.includes is not a function\n","service":"bm-automation","timestamp":"2026-07-06 01:48:26"}
{"level":"error","message":"   ❌ Falha ao resolver CAPTCHA. Abortando esta tentativa.\n","service":"bm-automation","timestamp":"2026-07-06 01:48:26"}
{"level":"error","message":"   ❌ Erro ao resolver CAPTCHA: uploadResponse.data.includes is not a function\n","service":"bm-automation","timestamp":"2026-07-06 01:48:36"}
{"level":"error","message":"   ❌ Falha ao resolver CAPTCHA. Abortando esta tentativa.\n","service":"bm-automation","timestamp":"2026-07-06 01:48:36"}
{"level":"error","message":"   ❌ Erro ao resolver CAPTCHA: uploadResponse.data.includes is not a function\n","service":"bm-automation","timestamp":"2026-07-06 01:48:45"}
{"level":"error","message":"   ❌ Falha ao resolver CAPTCHA. Abortando esta tentativa.\n","service":"bm-automation","timestamp":"2026-07-06 01:48:45"}
{"level":"error","message":"❌ Falhou após 3 tentativas\n","service":"bm-automation","timestamp":"2026-07-06 01:48:45"}
{"level":"error","message":"   ❌ Erro ao enviar: ERROR_WRONG_USER_KEY\n","service":"bm-automation","timestamp":"2026-07-06 01:49:27"}
{"level":"error","message":"   ❌ Falha ao resolver CAPTCHA. Abortando esta tentativa.\n","service":"bm-automation","timestamp":"2026-07-06 01:49:27"}
{"level":"error","message":"   ❌ Erro ao enviar: ERROR_WRONG_USER_KEY\n","service":"bm-automation","timestamp":"2026-07-06 01:49:41"}
{"level":"error","message":"   ❌ Falha ao resolver CAPTCHA. Abortando esta tentativa.\n","service":"bm-automation","timestamp":"2026-07-06 01:49:41"}
{"level":"error","message":"   ❌ Erro ao enviar: ERROR_WRONG_USER_KEY\n","service":"bm-automation","timestamp":"2026-07-06 01:49:50"}
{"level":"error","message":"   ❌ Falha ao resolver CAPTCHA. Abortando esta tentativa.\n","service":"bm-automation","timestamp":"2026-07-06 01:49:50"}
{"level":"error","message":"❌ Falhou após 3 tentativas\n","service":"bm-automation","timestamp":"2026-07-06 01:49:50"}
{"level":"error","message":"❌ Falhou após 3 tentativas\n","service":"bm-automation","timestamp":"2026-07-06 01:52:35"}
{"level":"error","message":"   ❌ Erro ao enviar: ERROR_WRONG_USER_KEY\n","service":"bm-automation","timestamp":"2026-07-06 01:53:02"}
{"level":"error","message":"   ❌ Falha ao resolver CAPTCHA. Abortando esta tentativa.\n","service":"bm-automation","timestamp":"2026-07-06 01:53:02"}
{"level":"error","message":"❌ ERRO: Navigating frame was detached\n","service":"bm-automation","timestamp":"2026-07-06 01:53:05"}
{"level":"error","message":"   ❌ Erro ao enviar: ERROR_WRONG_USER_KEY\n","service":"bm-automation","timestamp":"2026-07-06 01:53:33"}
{"level":"error","message":"   ❌ Falha ao resolver CAPTCHA. Abortando esta tentativa.\n","service":"bm-automation","timestamp":"2026-07-06 01:53:33"}
{"level":"error","message":"   ❌ Erro ao enviar: ERROR_WRONG_USER_KEY\n","service":"bm-automation","timestamp":"2026-07-06 01:53:42"}
{"level":"error","message":"   ❌ Falha ao resolver CAPTCHA. Abortando esta tentativa.\n","service":"bm-automation","timestamp":"2026-07-06 01:53:42"}
{"level":"error","message":"   ❌ Erro ao enviar: ERROR_WRONG_USER_KEY\n","service":"bm-automation","timestamp":"2026-07-06 01:53:50"}
{"level":"error","message":"   ❌ Falha ao resolver CAPTCHA. Abortando esta tentativa.\n","service":"bm-automation","timestamp":"2026-07-06 01:53:50"}
{"level":"error","message":"❌ Falhou após 3 tentativas\n","service":"bm-automation","timestamp":"2026-07-06 01:53:50"}
{"level":"error","message":"   ❌ Erro ao enviar: ERROR_WRONG_USER_KEY\n","service":"bm-automation","timestamp":"2026-07-06 01:54:36"}
{"level":"error","message":"   ❌ Falha ao resolver CAPTCHA. Abortando esta tentativa.\n","service":"bm-automation","timestamp":"2026-07-06 01:54:36"}
{"level":"error","message":"   ❌ Erro ao enviar: ERROR_WRONG_USER_KEY\n","service":"bm-automation","timestamp":"2026-07-06 01:54:44"}
{"level":"error","message":"   ❌ Falha ao resolver CAPTCHA. Abortando esta tentativa.\n","service":"bm-automation","timestamp":"2026-07-06 01:54:44"}
{"level":"error","message":"   ❌ Erro ao enviar: ERROR_WRONG_USER_KEY\n","service":"bm-automation","timestamp":"2026-07-06 01:54:52"}
{"level":"error","message":"   ❌ Falha ao resolver CAPTCHA. Abortando esta tentativa.\n","service":"bm-automation","timestamp":"2026-07-06 01:54:52"}
{"level":"error","message":"❌ Falhou após 3 tentativas\n","service":"bm-automation","timestamp":"2026-07-06 01:54:52"}
{"level":"error","message":"❌ ERRO: Navigating frame was detached\n","service":"bm-automation","timestamp":"2026-07-06 01:58:09"}
{"level":"error","message":"❌ ERRO: Target.createTarget timed out. Increase the 'protocolTimeout' setting in launch/connect calls for a higher timeout if needed.\n","service":"bm-automation","timestamp":"2026-07-06 01:59:59"}
{"level":"error","message":"   ❌ Erro ao enviar: ERROR_WRONG_USER_KEY\n","service":"bm-automation","timestamp":"2026-07-06 02:02:03"}
{"level":"error","message":"   ❌ Falha ao resolver CAPTCHA. Abortando esta tentativa.\n","service":"bm-automation","timestamp":"2026-07-06 02:02:03"}
{"level":"error","message":"❌ ERRO: Navigating frame was detached\n","service":"bm-automation","timestamp":"2026-07-06 02:02:07"}
{"level":"error","message":"❌ Falhou após 3 tentativas\n","service":"bm-automation","timestamp":"2026-07-06 02:05:30"}
{"level":"error","message":"❌ Falhou após 3 tentativas\n","service":"bm-automation","timestamp":"2026-07-06 02:08:25"}
{"level":"error","message":"❌ Falhou após 3 tentativas\n","service":"bm-automation","timestamp":"2026-07-06 02:10:31"}
{"level":"error","message":"   ❌ Erro: input não encontrado\n","service":"bm-automation","timestamp":"2026-07-06 02:13:22"}
{"level":"error","message":"❌ Falhou após 3 tentativas\n","service":"bm-automation","timestamp":"2026-07-06 02:13:22"}
{"level":"error","message":"❌ ERRO: Requesting main frame too early!\n","service":"bm-automation","timestamp":"2026-07-06 12:31:01"}
